This is pdfTeX, Version 3.141592653-2.6-1.40.22 (TeX Live 2022/dev/Debian) (preloaded format=pdflatex 2023.6.5)  14 JUN 2023 16:37
entering extended mode
 restricted \write18 enabled.
 file:line:error style messages enabled.
 %&-line parsing enabled.
**/home/parsa/Documents/Unipd/2ndSem-30/ERTC/ERTC_LAB/Report/report_template/report_template.tex
(/home/parsa/Documents/Unipd/2ndSem-30/ERTC/ERTC_LAB/Report/report_template/report_template.tex
LaTeX2e <2021-11-15> patch level 1
L3 programming layer <2022-01-21> (/usr/share/texlive/texmf-dist/tex/latex/base/article.cls
Document Class: article 2021/10/04 v1.4n Standard LaTeX document class
(/usr/share/texlive/texmf-dist/tex/latex/base/size10.clo
File: size10.clo 2021/10/04 v1.4n Standard LaTeX file (size option)
)
\c@part=\count185
\c@section=\count186
\c@subsection=\count187
\c@subsubsection=\count188
\c@paragraph=\count189
\c@subparagraph=\count190
\c@figure=\count191
\c@table=\count192
\abovecaptionskip=\skip47
\belowcaptionskip=\skip48
\bibindent=\dimen138
) (/usr/share/texlive/texmf-dist/tex/generic/babel/babel.sty
Package: babel 2022/01/26 3.70 The Babel package
\babel@savecnt=\count193
\U@D=\dimen139
\l@unhyphenated=\language87
 (/usr/share/texlive/texmf-dist/tex/generic/babel/txtbabel.def)
\bbl@readstream=\read2
\bbl@dirlevel=\count194
 (/usr/share/texlive/texmf-dist/tex/generic/babel-english/english.ldf
Language: english 2017/06/06 v3.3r English support from the babel system
Package babel Info: Hyphen rules for 'canadian' set to \l@english
(babel)             (\language0). Reported on input line 102.
Package babel Info: Hyphen rules for 'australian' set to \l@ukenglish
(babel)             (\language15). Reported on input line 105.
Package babel Info: Hyphen rules for 'newzealand' set to \l@ukenglish
(babel)             (\language15). Reported on input line 108.
)) (/usr/share/texlive/texmf-dist/tex/latex/base/fontenc.sty
Package: fontenc 2021/04/29 v2.0v Standard LaTeX package
) (/usr/share/texlive/texmf-dist/tex/latex/base/inputenc.sty
Package: inputenc 2021/02/14 v1.3d Input encoding file
\inpenc@prehook=\toks16
\inpenc@posthook=\toks17
 (/usr/share/texlive/texmf-dist/tex/latex/ucs/utf8x.def
File: utf8x.def 2004/10/17 UCS: Input encoding UTF-8
)) (/usr/share/texlive/texmf-dist/tex/latex/ucs/ucs.sty
Package: ucs 2013/05/11 v2.2 UCS: Unicode input support
 (/usr/share/texlive/texmf-dist/tex/latex/ucs/data/uni-global.def
File: uni-global.def 2013/05/13 UCS: Unicode global data
)
\uc@secondtry=\count195
\uc@combtoks=\toks18
\uc@combtoksb=\toks19
\uc@temptokena=\toks20
) (/usr/share/texlive/texmf-dist/tex/latex/float/float.sty
Package: float 2001/11/08 v1.3d Float enhancements (AL)
\c@float@type=\count196
\float@exts=\toks21
\float@box=\box50
\@float@everytoks=\toks22
\@floatcapt=\box51
) (/usr/share/texlive/texmf-dist/tex/latex/graphics/graphicx.sty
Package: graphicx 2021/09/16 v1.2d Enhanced LaTeX Graphics (DPC,SPQR)
 (/usr/share/texlive/texmf-dist/tex/latex/graphics/keyval.sty
Package: keyval 2014/10/28 v1.15 key=value parser (DPC)
\KV@toks@=\toks23
) (/usr/share/texlive/texmf-dist/tex/latex/graphics/graphics.sty
Package: graphics 2021/03/04 v1.4d Standard LaTeX Graphics (DPC,SPQR)
 (/usr/share/texlive/texmf-dist/tex/latex/graphics/trig.sty
Package: trig 2021/08/11 v1.11 sin cos tan (DPC)
) (/usr/share/texlive/texmf-dist/tex/latex/graphics-cfg/graphics.cfg
File: graphics.cfg 2016/06/04 v1.11 sample graphics configuration
)
Package graphics Info: Driver file: pdftex.def on input line 107.
 (/usr/share/texlive/texmf-dist/tex/latex/graphics-def/pdftex.def
File: pdftex.def 2020/10/05 v1.2a Graphics/color driver for pdftex
))
\Gin@req@height=\dimen140
\Gin@req@width=\dimen141
) (/usr/share/texlive/texmf-dist/tex/latex/svg/svg.sty
Package: svg 2020/11/26 v2.02k (include SVG pictures)
 (/usr/share/texlive/texmf-dist/tex/generic/iftex/iftex.sty
Package: iftex 2020/03/06 v1.0d TeX engine tests
) (/usr/share/texlive/texmf-dist/tex/latex/koma-script/scrbase.sty
Package: scrbase 2021/11/13 v3.35 KOMA-Script package (KOMA-Script-independent basics and keyval usage)
 (/usr/share/texlive/texmf-dist/tex/latex/koma-script/scrlfile.sty
Package: scrlfile 2021/11/13 v3.35 KOMA-Script package (file load hooks)
 (/usr/share/texlive/texmf-dist/tex/latex/koma-script/scrlfile-hook.sty
Package: scrlfile-hook 2021/11/13 v3.35 KOMA-Script package (using LaTeX hooks)
 (/usr/share/texlive/texmf-dist/tex/latex/koma-script/scrlogo.sty
Package: scrlogo 2021/11/13 v3.35 KOMA-Script package (logo)
)))
Applying: [2021/05/01] Usage of raw or classic option list on input line 252.
Already applied: [0000/00/00] Usage of raw or classic option list on input line 368.
) (/usr/share/texlive/texmf-dist/tex/generic/pdftexcmds/pdftexcmds.sty
Package: pdftexcmds 2020-06-27 v0.33 Utility functions of pdfTeX for LuaTeX (HO)
 (/usr/share/texlive/texmf-dist/tex/generic/infwarerr/infwarerr.sty
Package: infwarerr 2019/12/03 v1.5 Providing info/warning/error messages (HO)
) (/usr/share/texlive/texmf-dist/tex/generic/ltxcmds/ltxcmds.sty
Package: ltxcmds 2020-05-10 v1.25 LaTeX kernel commands for general use (HO)
)
Package pdftexcmds Info: \pdf@primitive is available.
Package pdftexcmds Info: \pdf@ifprimitive is available.
Package pdftexcmds Info: \pdfdraftmode found.
) (/usr/share/texlive/texmf-dist/tex/latex/trimspaces/trimspaces.sty
Package: trimspaces 2009/09/17 v1.1 Trim spaces around a token list
) (/usr/share/texlive/texmf-dist/tex/latex/tools/shellesc.sty
Package: shellesc 2019/11/08 v1.0c unified shell escape interface for LaTeX
Package shellesc Info: Restricted shell escape enabled on input line 77.
)
\c@svg@param@lastpage=\count197
\svg@box=\box52
\c@svg@param@currpage=\count198
) (/usr/share/texlive/texmf-dist/tex/latex/xcolor/xcolor.sty
Package: xcolor 2021/10/31 v2.13 LaTeX color extensions (UK)
 (/usr/share/texlive/texmf-dist/tex/latex/graphics-cfg/color.cfg
File: color.cfg 2016/01/02 v1.6 sample color configuration
)
Package xcolor Info: Driver file: pdftex.def on input line 227.
Package xcolor Info: Model `cmy' substituted by `cmy0' on input line 1352.
Package xcolor Info: Model `hsb' substituted by `rgb' on input line 1356.
Package xcolor Info: Model `RGB' extended on input line 1368.
Package xcolor Info: Model `HTML' substituted by `rgb' on input line 1370.
Package xcolor Info: Model `Hsb' substituted by `hsb' on input line 1371.
Package xcolor Info: Model `tHsb' substituted by `hsb' on input line 1372.
Package xcolor Info: Model `HSB' substituted by `hsb' on input line 1373.
Package xcolor Info: Model `Gray' substituted by `gray' on input line 1374.
Package xcolor Info: Model `wave' substituted by `hsb' on input line 1375.
) (/usr/share/texlive/texmf-dist/tex/latex/transparent/transparent.sty
Package: transparent 2019/11/29 v1.4 Transparency via pdfTeX's color stack (HO)
 (/usr/share/texlive/texmf-dist/tex/latex/auxhook/auxhook.sty
Package: auxhook 2019-12-17 v1.6 Hooks for auxiliary files (HO)
)) (/usr/share/texlive/texmf-dist/tex/latex/pgf/systemlayer/pgfsys.sty (/usr/share/texlive/texmf-dist/tex/latex/pgf/utilities/pgfrcs.sty (/usr/share/texlive/texmf-dist/tex/generic/pgf/utilities/pgfutil-common.tex
\pgfutil@everybye=\toks24
\pgfutil@tempdima=\dimen142
\pgfutil@tempdimb=\dimen143
 (/usr/share/texlive/texmf-dist/tex/generic/pgf/utilities/pgfutil-common-lists.tex)) (/usr/share/texlive/texmf-dist/tex/generic/pgf/utilities/pgfutil-latex.def
\pgfutil@abb=\box53
) (/usr/share/texlive/texmf-dist/tex/generic/pgf/utilities/pgfrcs.code.tex (/usr/share/texlive/texmf-dist/tex/generic/pgf/pgf.revision.tex)
Package: pgfrcs 2021/05/15 v3.1.9a (3.1.9a)
)) (/usr/share/texlive/texmf-dist/tex/generic/pgf/systemlayer/pgfsys.code.tex
Package: pgfsys 2021/05/15 v3.1.9a (3.1.9a)
 (/usr/share/texlive/texmf-dist/tex/generic/pgf/utilities/pgfkeys.code.tex
\pgfkeys@pathtoks=\toks25
\pgfkeys@temptoks=\toks26
 (/usr/share/texlive/texmf-dist/tex/generic/pgf/utilities/pgfkeysfiltered.code.tex
\pgfkeys@tmptoks=\toks27
))
\pgf@x=\dimen144
\pgf@y=\dimen145
\pgf@xa=\dimen146
\pgf@ya=\dimen147
\pgf@xb=\dimen148
\pgf@yb=\dimen149
\pgf@xc=\dimen150
\pgf@yc=\dimen151
\pgf@xd=\dimen152
\pgf@yd=\dimen153
\w@pgf@writea=\write3
\r@pgf@reada=\read3
\c@pgf@counta=\count199
\c@pgf@countb=\count266
\c@pgf@countc=\count267
\c@pgf@countd=\count268
\t@pgf@toka=\toks28
\t@pgf@tokb=\toks29
\t@pgf@tokc=\toks30
\pgf@sys@id@count=\count269
 (/usr/share/texlive/texmf-dist/tex/generic/pgf/systemlayer/pgf.cfg
File: pgf.cfg 2021/05/15 v3.1.9a (3.1.9a)
)
Driver file for pgf: pgfsys-pdftex.def
 (/usr/share/texlive/texmf-dist/tex/generic/pgf/systemlayer/pgfsys-pdftex.def
File: pgfsys-pdftex.def 2021/05/15 v3.1.9a (3.1.9a)
 (/usr/share/texlive/texmf-dist/tex/generic/pgf/systemlayer/pgfsys-common-pdf.def
File: pgfsys-common-pdf.def 2021/05/15 v3.1.9a (3.1.9a)
))) (/usr/share/texlive/texmf-dist/tex/generic/pgf/systemlayer/pgfsyssoftpath.code.tex
File: pgfsyssoftpath.code.tex 2021/05/15 v3.1.9a (3.1.9a)
\pgfsyssoftpath@smallbuffer@items=\count270
\pgfsyssoftpath@bigbuffer@items=\count271
) (/usr/share/texlive/texmf-dist/tex/generic/pgf/systemlayer/pgfsysprotocol.code.tex
File: pgfsysprotocol.code.tex 2021/05/15 v3.1.9a (3.1.9a)
)) (/usr/share/texlive/texmf-dist/tex/latex/siunitx/siunitx.sty
Package: siunitx 2022-02-02 v3.0.46 A comprehensive (SI) units package
\l__siunitx_angle_tmp_dim=\dimen154
\l__siunitx_angle_marker_box=\box54
\l__siunitx_angle_unit_box=\box55
\l__siunitx_compound_count_int=\count272
 (/usr/share/texlive/texmf-dist/tex/latex/translations/translations.sty
Package: translations 2022/01/04 v1.11 internationalization of LaTeX2e packages (CN)
 (/usr/share/texlive/texmf-dist/tex/latex/etoolbox/etoolbox.sty
Package: etoolbox 2020/10/05 v2.5k e-TeX tools for LaTeX (JAW)
\etb@tempcnta=\count273
))
\l__siunitx_number_exponent_fixed_int=\count274
\l__siunitx_number_min_decimal_int=\count275
\l__siunitx_number_min_integer_int=\count276
\l__siunitx_number_round_precision_int=\count277
\l__siunitx_number_group_minimum_int=\count278
 (/usr/share/texlive/texmf-dist/tex/latex/amsmath/amstext.sty
Package: amstext 2021/08/26 v2.01 AMS text
 (/usr/share/texlive/texmf-dist/tex/latex/amsmath/amsgen.sty
File: amsgen.sty 1999/11/30 v2.0 generic functions
\@emptytoks=\toks31
\ex@=\dimen155
))
\l__siunitx_table_tmp_box=\box56
\l__siunitx_table_tmp_dim=\dimen156
\l__siunitx_table_column_width_dim=\dimen157
\l__siunitx_table_integer_box=\box57
\l__siunitx_table_decimal_box=\box58
\l__siunitx_table_before_box=\box59
\l__siunitx_table_after_box=\box60
\l__siunitx_table_before_dim=\dimen158
\l__siunitx_table_carry_dim=\dimen159
\l__siunitx_unit_tmp_int=\count279
\l__siunitx_unit_position_int=\count280
\l__siunitx_unit_total_int=\count281
 (/usr/share/texlive/texmf-dist/tex/latex/l3packages/l3keys2e/l3keys2e.sty (/usr/share/texlive/texmf-dist/tex/latex/l3kernel/expl3.sty
Package: expl3 2022-01-21 L3 programming layer (loader) 
 (/usr/share/texlive/texmf-dist/tex/latex/l3backend/l3backend-pdftex.def
File: l3backend-pdftex.def 2022-01-12 L3 backend support: PDF output (pdfTeX)
\l__color_backend_stack_int=\count282
\l__pdf_internal_box=\box61
))
Package: l3keys2e 2022-01-12 LaTeX2e option processing using LaTeX3 keys
) (/usr/share/texlive/texmf-dist/tex/latex/tools/array.sty
Package: array 2021/10/04 v2.5f Tabular extension package (FMi)
\col@sep=\dimen160
\ar@mcellbox=\box62
\extrarowheight=\dimen161
\NC@list=\toks32
\extratabsurround=\skip49
\backup@length=\skip50
\ar@cellbox=\box63
)) (/usr/share/texlive/texmf-dist/tex/latex/geometry/geometry.sty
Package: geometry 2020/01/02 v5.9 Page Geometry
 (/usr/share/texlive/texmf-dist/tex/generic/iftex/ifvtex.sty
Package: ifvtex 2019/10/25 v1.7 ifvtex legacy package. Use iftex instead.
)
\Gm@cnth=\count283
\Gm@cntv=\count284
\c@Gm@tempcnt=\count285
\Gm@bindingoffset=\dimen162
\Gm@wd@mp=\dimen163
\Gm@odd@mp=\dimen164
\Gm@even@mp=\dimen165
\Gm@layoutwidth=\dimen166
\Gm@layoutheight=\dimen167
\Gm@layouthoffset=\dimen168
\Gm@layoutvoffset=\dimen169
\Gm@dimlist=\toks33
) (/usr/share/texlive/texmf-dist/tex/latex/enumitem/enumitem.sty
Package: enumitem 2019/06/20 v3.9 Customized lists
\labelindent=\skip51
\enit@outerparindent=\dimen170
\enit@toks=\toks34
\enit@inbox=\box64
\enit@count@id=\count286
\enitdp@description=\count287
) (/usr/share/texlive/texmf-dist/tex/latex/subfig/subfig.sty
Package: subfig 2005/06/28 ver: 1.3 subfig package
 (/usr/share/texlive/texmf-dist/tex/latex/caption/caption.sty
Package: caption 2020/10/26 v3.5g Customizing captions (AR)
 (/usr/share/texlive/texmf-dist/tex/latex/caption/caption3.sty
Package: caption3 2020/10/21 v2.2e caption3 kernel (AR)
\captionmargin=\dimen171
\captionmargin@=\dimen172
\captionwidth=\dimen173
\caption@tempdima=\dimen174
\caption@indent=\dimen175
\caption@parindent=\dimen176
\caption@hangindent=\dimen177
Package caption Info: Standard document class detected.
)
\c@caption@flags=\count288
\c@continuedfloat=\count289
Package caption Info: float package is loaded.
)
\c@KVtest=\count290
\sf@farskip=\skip52
\sf@captopadj=\dimen178
\sf@capskip=\skip53
\sf@nearskip=\skip54
\c@subfigure=\count291
\c@subfigure@save=\count292
\c@lofdepth=\count293
\c@subtable=\count294
\c@subtable@save=\count295
\c@lotdepth=\count296
\sf@top=\skip55
\sf@bottom=\skip56
) (/usr/share/texlive/texmf-dist/tex/latex/amscls/amsthm.sty
Package: amsthm 2020/05/29 v2.20.6
\thm@style=\toks35
\thm@bodyfont=\toks36
\thm@headfont=\toks37
\thm@notefont=\toks38
\thm@headpunct=\toks39
\thm@preskip=\skip57
\thm@postskip=\skip58
\thm@headsep=\skip59
\dth@everypar=\toks40
) (/usr/share/texlive/texmf-dist/tex/latex/amsmath/amsmath.sty
Package: amsmath 2021/10/15 v2.17l AMS math features
\@mathmargin=\skip60

For additional information on amsmath, use the `?' option.
(/usr/share/texlive/texmf-dist/tex/latex/amsmath/amsbsy.sty
Package: amsbsy 1999/11/29 v1.2d Bold Symbols
\pmbraise@=\dimen179
) (/usr/share/texlive/texmf-dist/tex/latex/amsmath/amsopn.sty
Package: amsopn 2021/08/26 v2.02 operator names
)
\inf@bad=\count297
LaTeX Info: Redefining \frac on input line 234.
\uproot@=\count298
\leftroot@=\count299
LaTeX Info: Redefining \overline on input line 399.
\classnum@=\count300
\DOTSCASE@=\count301
LaTeX Info: Redefining \ldots on input line 496.
LaTeX Info: Redefining \dots on input line 499.
LaTeX Info: Redefining \cdots on input line 620.
\Mathstrutbox@=\box65
\strutbox@=\box66
\big@size=\dimen180
LaTeX Font Info:    Redeclaring font encoding OML on input line 743.
LaTeX Font Info:    Redeclaring font encoding OMS on input line 744.
\macc@depth=\count302
\c@MaxMatrixCols=\count303
\dotsspace@=\muskip16
\c@parentequation=\count304
\dspbrk@lvl=\count305
\tag@help=\toks41
\row@=\count306
\column@=\count307
\maxfields@=\count308
\andhelp@=\toks42
\eqnshift@=\dimen181
\alignsep@=\dimen182
\tagshift@=\dimen183
\tagwidth@=\dimen184
\totwidth@=\dimen185
\lineht@=\dimen186
\@envbody=\toks43
\multlinegap=\skip61
\multlinetaggap=\skip62
\mathdisplay@stack=\toks44
LaTeX Info: Redefining \[ on input line 2938.
LaTeX Info: Redefining \] on input line 2939.
) (/usr/share/texlive/texmf-dist/tex/latex/epstopdf-pkg/epstopdf.sty
Package: epstopdf 2020-01-24 v2.11 Conversion with epstopdf on the fly (HO)
 (/usr/share/texlive/texmf-dist/tex/latex/grfext/grfext.sty
Package: grfext 2019/12/03 v1.3 Manage graphics extensions (HO)
 (/usr/share/texlive/texmf-dist/tex/generic/kvdefinekeys/kvdefinekeys.sty
Package: kvdefinekeys 2019-12-19 v1.6 Define keys (HO)
)) (/usr/share/texlive/texmf-dist/tex/latex/kvoptions/kvoptions.sty
Package: kvoptions 2020-10-07 v3.14 Key value format for package options (HO)
 (/usr/share/texlive/texmf-dist/tex/generic/kvsetkeys/kvsetkeys.sty
Package: kvsetkeys 2019/12/15 v1.18 Key value parser (HO)
)) (/usr/share/texlive/texmf-dist/tex/latex/epstopdf-pkg/epstopdf-base.sty
Package: epstopdf-base 2020-01-24 v2.11 Base part for package epstopdf
Package epstopdf-base Info: Redefining graphics rule for `.eps' on input line 485.
Package grfext Info: Graphics extension search list:
(grfext)             [.pdf,.png,.jpg,.mps,.jpeg,.jbig2,.jb2,.PDF,.PNG,.JPG,.JPEG,.JBIG2,.JB2,.eps]
(grfext)             \AppendGraphicsExtensions on input line 504.
 (/usr/share/texlive/texmf-dist/tex/latex/latexconfig/epstopdf-sys.cfg
File: epstopdf-sys.cfg 2010/07/13 v1.3 Configuration of (r)epstopdf for TeX Live
))) (/usr/share/texlive/texmf-dist/tex/latex/fancyhdr/fancyhdr.sty
Package: fancyhdr 2021/01/28 v4.0.1 Extensive control of page headers and footers
\f@nch@headwidth=\skip63
\f@nch@O@elh=\skip64
\f@nch@O@erh=\skip65
\f@nch@O@olh=\skip66
\f@nch@O@orh=\skip67
\f@nch@O@elf=\skip68
\f@nch@O@erf=\skip69
\f@nch@O@olf=\skip70
\f@nch@O@orf=\skip71
) (/usr/share/texlive/texmf-dist/tex/latex/booktabs/booktabs.sty
Package: booktabs 2020/01/12 v1.61803398 Publication quality tables
\heavyrulewidth=\dimen187
\lightrulewidth=\dimen188
\cmidrulewidth=\dimen189
\belowrulesep=\dimen190
\belowbottomsep=\dimen191
\aboverulesep=\dimen192
\abovetopsep=\dimen193
\cmidrulesep=\dimen194
\cmidrulekern=\dimen195
\defaultaddspace=\dimen196
\@cmidla=\count309
\@cmidlb=\count310
\@aboverulesep=\dimen197
\@belowrulesep=\dimen198
\@thisruleclass=\count311
\@lastruleclass=\count312
\@thisrulewidth=\dimen199
) (/usr/share/texlive/texmf-dist/tex/latex/listings/listings.sty
\lst@mode=\count313
\lst@gtempboxa=\box67
\lst@token=\toks45
\lst@length=\count314
\lst@currlwidth=\dimen256
\lst@column=\count315
\lst@pos=\count316
\lst@lostspace=\dimen257
\lst@width=\dimen258
\lst@newlines=\count317
\lst@lineno=\count318
\lst@maxwidth=\dimen259
 (/usr/share/texlive/texmf-dist/tex/latex/listings/lstmisc.sty
File: lstmisc.sty 2020/03/24 1.8d (Carsten Heinz)
\c@lstnumber=\count319
\lst@skipnumbers=\count320
\lst@framebox=\box68
) (/usr/share/texlive/texmf-dist/tex/latex/listings/listings.cfg
File: listings.cfg 2020/03/24 1.8d listings configuration
))
Package: listings 2020/03/24 1.8d (Carsten Heinz)
 (./report_template.aux)
\openout1 = `report_template.aux'.

LaTeX Font Info:    Checking defaults for OML/cmm/m/it on input line 40.
LaTeX Font Info:    ... okay on input line 40.
LaTeX Font Info:    Checking defaults for OMS/cmsy/m/n on input line 40.
LaTeX Font Info:    ... okay on input line 40.
LaTeX Font Info:    Checking defaults for OT1/cmr/m/n on input line 40.
LaTeX Font Info:    ... okay on input line 40.
LaTeX Font Info:    Checking defaults for T1/cmr/m/n on input line 40.
LaTeX Font Info:    ... okay on input line 40.
LaTeX Font Info:    Checking defaults for TS1/cmr/m/n on input line 40.
LaTeX Font Info:    ... okay on input line 40.
LaTeX Font Info:    Checking defaults for OMX/cmex/m/n on input line 40.
LaTeX Font Info:    ... okay on input line 40.
LaTeX Font Info:    Checking defaults for U/cmr/m/n on input line 40.
LaTeX Font Info:    ... okay on input line 40.
 (/usr/share/texlive/texmf-dist/tex/latex/ucs/ucsencs.def
File: ucsencs.def 2011/01/21 Fixes to fontencodings LGR, T3
) (/usr/share/texlive/texmf-dist/tex/context/base/mkii/supp-pdf.mkii
[Loading MPS to PDF converter (version 2006.09.02).]
\scratchcounter=\count321
\scratchdimen=\dimen260
\scratchbox=\box69
\nofMPsegments=\count322
\nofMParguments=\count323
\everyMPshowfont=\toks46
\MPscratchCnt=\count324
\MPscratchDim=\dimen261
\MPnumerator=\count325
\makeMPintoPDFobject=\count326
\everyMPtoPDFconversion=\toks47
) (/usr/share/texlive/texmf-dist/tex/latex/translations/translations-basic-dictionary-english.trsl
File: translations-basic-dictionary-english.trsl (english translation file `translations-basic-dictionary')
)
Package translations Info: loading dictionary `translations-basic-dictionary' for `english'. on input line 40.

*geometry* driver: auto-detecting
*geometry* detected driver: pdftex
*geometry* verbose mode - [ preamble ] result:
* driver: pdftex
* paper: a4paper
* layout: <same size as paper>
* layoutoffset:(h,v)=(0.0pt,0.0pt)
* modes: 
* h-part:(L,W,R)=(56.9055pt, 483.69687pt, 56.9055pt)
* v-part:(T,H,B)=(56.9055pt, 731.23584pt, 56.9055pt)
* \paperwidth=597.50787pt
* \paperheight=845.04684pt
* \textwidth=483.69687pt
* \textheight=731.23584pt
* \oddsidemargin=-15.36449pt
* \evensidemargin=-15.36449pt
* \topmargin=-52.36449pt
* \headheight=12.0pt
* \headsep=25.0pt
* \topskip=10.0pt
* \footskip=30.0pt
* \marginparwidth=65.0pt
* \marginparsep=11.0pt
* \columnsep=10.0pt
* \skip\footins=9.0pt plus 4.0pt minus 2.0pt
* \hoffset=0.0pt
* \voffset=0.0pt
* \mag=1000
* \@twocolumnfalse
* \@twosidefalse
* \@mparswitchfalse
* \@reversemarginfalse
* (1in=72.27pt=25.4mm, 1cm=28.453pt)

Package caption Info: Begin \AtBeginDocument code.
Package caption Info: subfig package v1.3 is loaded.
Package caption Info: listings package is loaded.
Package caption Info: End \AtBeginDocument code.
\c@lstlisting=\count327
<figures/unipd-logo.png, id=4, 399.4925pt x 401.5pt>
File: figures/unipd-logo.png Graphic file (type png)
<use figures/unipd-logo.png>
Package pdftex.def Info: figures/unipd-logo.png  used on input line 59.
(pdftex.def)             Requested size: 227.62204pt x 228.76547pt.
[1

{/var/lib/texmf/fonts/map/pdftex/updmap/pdftex.map} <./figures/unipd-logo.png>] (./report_template.toc)
\tf@toc=\write4
\openout4 = `report_template.toc'.

 [1]
<figures/turtlebot.jpg, id=19, 734.745pt x 1284.8pt>
File: figures/turtlebot.jpg Graphic file (type jpg)
<use figures/turtlebot.jpg>
Package pdftex.def Info: figures/turtlebot.jpg  used on input line 84.
(pdftex.def)             Requested size: 193.47578pt x 338.31389pt.
 [2 <./figures/turtlebot.jpg>]
<figures/I2C_Connection.png, id=23, 952.55875pt x 399.4925pt>
File: figures/I2C_Connection.png Graphic file (type png)
<use figures/I2C_Connection.png>
Package pdftex.def Info: figures/I2C_Connection.png  used on input line 109.
(pdftex.def)             Requested size: 314.40001pt x 131.8573pt.
<figures/Pulling-the-bus.png, id=24, 752.8125pt x 334.24875pt>
File: figures/Pulling-the-bus.png Graphic file (type png)
<use figures/Pulling-the-bus.png>
Package pdftex.def Info: figures/Pulling-the-bus.png  used on input line 127.
(pdftex.def)             Requested size: 217.65527pt x 120.92618pt.
<figures/Releasing-the-bus.png, id=25, 752.8125pt x 334.24875pt>
File: figures/Releasing-the-bus.png Graphic file (type png)
<use figures/Releasing-the-bus.png>
Package pdftex.def Info: figures/Releasing-the-bus.png  used on input line 130.
(pdftex.def)             Requested size: 217.65527pt x 120.92618pt.
 [3 <./figures/I2C_Connection.png> <./figures/Pulling-the-bus.png> <./figures/Releasing-the-bus.png>] (/usr/share/texlive/texmf-dist/tex/latex/ucs/data/uni-0.def
File: uni-0.def 2013/05/13 UCS: Unicode data U+0000..U+00FF
)
<figures/Start-Stop.png, id=35, 952.55875pt x 399.4925pt>
File: figures/Start-Stop.png Graphic file (type png)
<use figures/Start-Stop.png>
Package pdftex.def Info: figures/Start-Stop.png  used on input line 139.
(pdftex.def)             Requested size: 386.95897pt x 162.28732pt.

Underfull \hbox (badness 10000) in paragraph at lines 144--149

 []

<figures/Single_byte.png, id=36, 1326.9575pt x 642.4pt>
File: figures/Single_byte.png Graphic file (type png)
<use figures/Single_byte.png>
Package pdftex.def Info: figures/Single_byte.png  used on input line 158.
(pdftex.def)             Requested size: 386.95897pt x 187.33026pt.

Underfull \hbox (badness 10000) in paragraph at lines 164--176

 []

(/usr/share/texlive/texmf-dist/tex/latex/listings/lstlang1.sty
File: lstlang1.sty 2020/03/24 1.8d listings language file
) (/usr/share/texlive/texmf-dist/tex/latex/listings/lstmisc.sty
File: lstmisc.sty 2020/03/24 1.8d (Carsten Heinz)
) [4 <./figures/Start-Stop.png> <./figures/Single_byte.png>]
<figures/SX.png, id=43, 648.4225pt x 263.98625pt>
File: figures/SX.png Graphic file (type png)
<use figures/SX.png>
Package pdftex.def Info: figures/SX.png  used on input line 196.
(pdftex.def)             Requested size: 386.95897pt x 157.539pt.
 [5 <./figures/SX.png>] [6] [7] [8]
Overfull \hbox (2.38718pt too wide) in paragraph at lines 359--379
[]\T1/cmr/m/n/10 In this ex-er-cise, the code has been ex-tended to han-dle key-pad in-ter-rupts. The `HAL_GPIO_EXTI_Callback`
 []

[9] [10] (/usr/share/texlive/texmf-dist/tex/latex/ucs/data/uni-32.def
File: uni-32.def 2013/05/13 UCS: Unicode data U+2000..U+20FF
) [11] [12]
Underfull \hbox (badness 10000) in paragraph at lines 493--499

 []

<figures/Lab2_1.png, id=71, 224.84pt x 289.58188pt>
File: figures/Lab2_1.png Graphic file (type png)
<use figures/Lab2_1.png>
Package pdftex.def Info: figures/Lab2_1.png  used on input line 521.
(pdftex.def)             Requested size: 241.85953pt x 292.5063pt.

Underfull \hbox (badness 10000) in paragraph at lines 533--537

 []

[13 <./figures/Lab2_1.png>]
<figures/PWM.png, id=76, 467.24562pt x 355.82938pt>
File: figures/PWM.png Graphic file (type png)
<use figures/PWM.png>
Package pdftex.def Info: figures/PWM.png  used on input line 572.
(pdftex.def)             Requested size: 386.97958pt x 255.93633pt.
 [14 <./figures/PWM.png>]
<figures/motor.png, id=81, 867.24pt x 487.8225pt>
File: figures/motor.png Graphic file (type png)
<use figures/motor.png>
Package pdftex.def Info: figures/motor.png  used on input line 581.
(pdftex.def)             Requested size: 532.09892pt x 255.93944pt.

Overfull \hbox (48.40205pt too wide) in paragraph at lines 581--582
 [][] 
 []


Overfull \hbox (14.97766pt too wide) in paragraph at lines 613--617
\T1/cmr/m/n/10 As you see, first we de-fined tilt and an-gle glob-ally. To ob-tain the ac-celerom-e-ter data we use ^^Pbno055_convert_double
 []

[15 <./figures/motor.png>]
Underfull \hbox (badness 10000) in paragraph at lines 618--625

 []


Underfull \hbox (badness 10000) in paragraph at lines 635--638

 []

(/usr/share/texlive/texmf-dist/tex/latex/listings/lstlang1.sty
File: lstlang1.sty 2020/03/24 1.8d listings language file
)
Package svg Info: Last page of `./svg-inkscape/plot_svg-tex.pdf' is 11 on input line 680.
 (./svg-inkscape/plot_svg-tex.pdf_tex
<./svg-inkscape/plot_svg-tex.pdf, id=86, page=1, 697.10437pt x 599.23875pt>
File: ./svg-inkscape/plot_svg-tex.pdf Graphic file (type pdf)
<use ./svg-inkscape/plot_svg-tex.pdf, page 1>
Package pdftex.def Info: ./svg-inkscape/plot_svg-tex.pdf , page1 used on input line 56.
(pdftex.def)             Requested size: 459.51054pt x 395.00504pt.
<./svg-inkscape/plot_svg-tex.pdf, id=87, page=2, 697.10437pt x 599.23875pt>
File: ./svg-inkscape/plot_svg-tex.pdf Graphic file (type pdf)
<use ./svg-inkscape/plot_svg-tex.pdf, page 2>
Package pdftex.def Info: ./svg-inkscape/plot_svg-tex.pdf , page2 used on input line 68.
(pdftex.def)             Requested size: 459.51054pt x 395.00504pt.
<./svg-inkscape/plot_svg-tex.pdf, id=88, page=3, 697.10437pt x 599.23875pt>
File: ./svg-inkscape/plot_svg-tex.pdf Graphic file (type pdf)
<use ./svg-inkscape/plot_svg-tex.pdf, page 3>
Package pdftex.def Info: ./svg-inkscape/plot_svg-tex.pdf , page3 used on input line 81.
(pdftex.def)             Requested size: 459.51054pt x 395.00504pt.
<./svg-inkscape/plot_svg-tex.pdf, id=89, page=4, 697.10437pt x 599.23875pt>
File: ./svg-inkscape/plot_svg-tex.pdf Graphic file (type pdf)
<use ./svg-inkscape/plot_svg-tex.pdf, page 4>
Package pdftex.def Info: ./svg-inkscape/plot_svg-tex.pdf , page4 used on input line 96.
(pdftex.def)             Requested size: 459.51054pt x 395.00504pt.
<./svg-inkscape/plot_svg-tex.pdf, id=90, page=5, 697.10437pt x 599.23875pt>
File: ./svg-inkscape/plot_svg-tex.pdf Graphic file (type pdf)
<use ./svg-inkscape/plot_svg-tex.pdf, page 5>
Package pdftex.def Info: ./svg-inkscape/plot_svg-tex.pdf , page5 used on input line 98.
(pdftex.def)             Requested size: 459.51054pt x 395.00504pt.
<./svg-inkscape/plot_svg-tex.pdf, id=91, page=6, 697.10437pt x 599.23875pt>
File: ./svg-inkscape/plot_svg-tex.pdf Graphic file (type pdf)
<use ./svg-inkscape/plot_svg-tex.pdf, page 6>
Package pdftex.def Info: ./svg-inkscape/plot_svg-tex.pdf , page6 used on input line 100.
(pdftex.def)             Requested size: 459.51054pt x 395.00504pt.
<./svg-inkscape/plot_svg-tex.pdf, id=92, page=7, 697.10437pt x 599.23875pt>
File: ./svg-inkscape/plot_svg-tex.pdf Graphic file (type pdf)
<use ./svg-inkscape/plot_svg-tex.pdf, page 7>
Package pdftex.def Info: ./svg-inkscape/plot_svg-tex.pdf , page7 used on input line 112.
(pdftex.def)             Requested size: 459.51054pt x 395.00504pt.
<./svg-inkscape/plot_svg-tex.pdf, id=93, page=8, 697.10437pt x 599.23875pt>
File: ./svg-inkscape/plot_svg-tex.pdf Graphic file (type pdf)
<use ./svg-inkscape/plot_svg-tex.pdf, page 8>
Package pdftex.def Info: ./svg-inkscape/plot_svg-tex.pdf , page8 used on input line 121.
(pdftex.def)             Requested size: 459.51054pt x 395.00504pt.
<./svg-inkscape/plot_svg-tex.pdf, id=94, page=9, 697.10437pt x 599.23875pt>
File: ./svg-inkscape/plot_svg-tex.pdf Graphic file (type pdf)
<use ./svg-inkscape/plot_svg-tex.pdf, page 9>
Package pdftex.def Info: ./svg-inkscape/plot_svg-tex.pdf , page9 used on input line 132.
(pdftex.def)             Requested size: 459.51054pt x 395.00504pt.
<./svg-inkscape/plot_svg-tex.pdf, id=95, page=10, 697.10437pt x 599.23875pt>
File: ./svg-inkscape/plot_svg-tex.pdf Graphic file (type pdf)
<use ./svg-inkscape/plot_svg-tex.pdf, page 10>
Package pdftex.def Info: ./svg-inkscape/plot_svg-tex.pdf , page10 used on input line 134.
(pdftex.def)             Requested size: 459.51054pt x 395.00504pt.
<./svg-inkscape/plot_svg-tex.pdf, id=96, page=11, 697.10437pt x 599.23875pt>
File: ./svg-inkscape/plot_svg-tex.pdf Graphic file (type pdf)
<use ./svg-inkscape/plot_svg-tex.pdf, page 11>
Package pdftex.def Info: ./svg-inkscape/plot_svg-tex.pdf , page11 used on input line 136.
(pdftex.def)             Requested size: 459.51054pt x 395.00504pt.
) [16] [17 <./svg-inkscape/plot_svg-tex.pdf> <./svg-inkscape/plot_svg-tex.pdf

pdfTeX warning: pdflatex (file ./svg-inkscape/plot_svg-tex.pdf): PDF inclusion: multiple pdfs with page group included in a single page
> <./svg-inkscape/plot_svg-tex.pdf

pdfTeX warning: pdflatex (file ./svg-inkscape/plot_svg-tex.pdf): PDF inclusion: multiple pdfs with page group included in a single page
> <./svg-inkscape/plot_svg-tex.pdf

pdfTeX warning: pdflatex (file ./svg-inkscape/plot_svg-tex.pdf): PDF inclusion: multiple pdfs with page group included in a single page
> <./svg-inkscape/plot_svg-tex.pdf

pdfTeX warning: pdflatex (file ./svg-inkscape/plot_svg-tex.pdf): PDF inclusion: multiple pdfs with page group included in a single page
> <./svg-inkscape/plot_svg-tex.pdf

pdfTeX warning: pdflatex (file ./svg-inkscape/plot_svg-tex.pdf): PDF inclusion: multiple pdfs with page group included in a single page
> <./svg-inkscape/plot_svg-tex.pdf

pdfTeX warning: pdflatex (file ./svg-inkscape/plot_svg-tex.pdf): PDF inclusion: multiple pdfs with page group included in a single page
> <./svg-inkscape/plot_svg-tex.pdf

pdfTeX warning: pdflatex (file ./svg-inkscape/plot_svg-tex.pdf): PDF inclusion: multiple pdfs with page group included in a single page
> <./svg-inkscape/plot_svg-tex.pdf

pdfTeX warning: pdflatex (file ./svg-inkscape/plot_svg-tex.pdf): PDF inclusion: multiple pdfs with page group included in a single page
> <./svg-inkscape/plot_svg-tex.pdf

pdfTeX warning: pdflatex (file ./svg-inkscape/plot_svg-tex.pdf): PDF inclusion: multiple pdfs with page group included in a single page
> <./svg-inkscape/plot_svg-tex.pdf

pdfTeX warning: pdflatex (file ./svg-inkscape/plot_svg-tex.pdf): PDF inclusion: multiple pdfs with page group included in a single page
>] [18

]
<figures/motorfig.png, id=131, 417.81094pt x 368.1253pt>
File: figures/motorfig.png Graphic file (type png)
<use figures/motorfig.png>
Package pdftex.def Info: figures/motorfig.png  used on input line 707.
(pdftex.def)             Requested size: 290.24069pt x 219.3771pt.
<figures/DRV.png, id=132, 537.00626pt x 379.4175pt>
File: figures/DRV.png Graphic file (type png)
<use figures/DRV.png>
Package pdftex.def Info: figures/DRV.png  used on input line 728.
(pdftex.def)             Requested size: 290.21669pt x 219.37335pt.
 [19 <./figures/motorfig.png> <./figures/DRV.png>]
Underfull \hbox (badness 10000) in paragraph at lines 733--734

 []

<figures/HBrige.png, id=137, 1091.07625pt x 560.0925pt>
File: figures/HBrige.png Graphic file (type png)
<use figures/HBrige.png>
Package pdftex.def Info: figures/HBrige.png  used on input line 766.
(pdftex.def)             Requested size: 435.32397pt x 292.49753pt.
[20 <./figures/HBrige.png>]
<figures/Encoder.png, id=142, 348.55219pt x 125.71968pt>
File: figures/Encoder.png Graphic file (type png)
<use figures/Encoder.png>
Package pdftex.def Info: figures/Encoder.png  used on input line 782.
(pdftex.def)             Requested size: 338.60577pt x 146.24544pt.
<figures/PID.png, id=143, 602.25pt x 277.035pt>
File: figures/PID.png Graphic file (type png)
<use figures/PID.png>
Package pdftex.def Info: figures/PID.png  used on input line 793.
(pdftex.def)             Requested size: 386.97334pt x 182.80984pt.
<figures/windup.png, id=144, 451.6875pt x 231.86626pt>
File: figures/windup.png Graphic file (type png)
<use figures/windup.png>
Package pdftex.def Info: figures/windup.png  used on input line 810.
(pdftex.def)             Requested size: 386.98253pt x 182.81145pt.
 [21 <./figures/Encoder.png> <./figures/PID.png>] [22 <./figures/windup.png>]
Overfull \hbox (8.18677pt too wide) in paragraph at lines 871--872
[][][][][][][][][][][][][][][][] 
 []


Overfull \hbox (8.18677pt too wide) in paragraph at lines 880--881
[][][][][][][][][][][][][][][][] 
 []


Underfull \hbox (badness 10000) in paragraph at lines 897--902

 []

[23] [24] [25]
Package svg Info: Last page of `./svg-inkscape/LAB3_forwardandbreak_with_antiWindup_2_svg-tex.pdf' is 9 on input line 1039.
 (./svg-inkscape/LAB3_forwardandbreak_with_antiWindup_2_svg-tex.pdf_tex
<./svg-inkscape/LAB3_forwardandbreak_with_antiWindup_2_svg-tex.pdf, id=166, page=1, 864.98157pt x 808.52063pt>
File: ./svg-inkscape/LAB3_forwardandbreak_with_antiWindup_2_svg-tex.pdf Graphic file (type pdf)
<use ./svg-inkscape/LAB3_forwardandbreak_with_antiWindup_2_svg-tex.pdf, page 1>
Package pdftex.def Info: ./svg-inkscape/LAB3_forwardandbreak_with_antiWindup_2_svg-tex.pdf , page1 used on input line 56.
(pdftex.def)             Requested size: 469.40112pt x 438.76596pt.
<./svg-inkscape/LAB3_forwardandbreak_with_antiWindup_2_svg-tex.pdf, id=167, page=2, 864.98157pt x 808.52063pt>
File: ./svg-inkscape/LAB3_forwardandbreak_with_antiWindup_2_svg-tex.pdf Graphic file (type pdf)
<use ./svg-inkscape/LAB3_forwardandbreak_with_antiWindup_2_svg-tex.pdf, page 2>
Package pdftex.def Info: ./svg-inkscape/LAB3_forwardandbreak_with_antiWindup_2_svg-tex.pdf , page2 used on input line 68.
(pdftex.def)             Requested size: 469.40112pt x 438.76596pt.
<./svg-inkscape/LAB3_forwardandbreak_with_antiWindup_2_svg-tex.pdf, id=168, page=3, 864.98157pt x 808.52063pt>
File: ./svg-inkscape/LAB3_forwardandbreak_with_antiWindup_2_svg-tex.pdf Graphic file (type pdf)
<use ./svg-inkscape/LAB3_forwardandbreak_with_antiWindup_2_svg-tex.pdf, page 3>
Package pdftex.def Info: ./svg-inkscape/LAB3_forwardandbreak_with_antiWindup_2_svg-tex.pdf , page3 used on input line 79.
(pdftex.def)             Requested size: 469.40112pt x 438.76596pt.
<./svg-inkscape/LAB3_forwardandbreak_with_antiWindup_2_svg-tex.pdf, id=169, page=4, 864.98157pt x 808.52063pt>
File: ./svg-inkscape/LAB3_forwardandbreak_with_antiWindup_2_svg-tex.pdf Graphic file (type pdf)
<use ./svg-inkscape/LAB3_forwardandbreak_with_antiWindup_2_svg-tex.pdf, page 4>
Package pdftex.def Info: ./svg-inkscape/LAB3_forwardandbreak_with_antiWindup_2_svg-tex.pdf , page4 used on input line 81.
(pdftex.def)             Requested size: 469.40112pt x 438.76596pt.
<./svg-inkscape/LAB3_forwardandbreak_with_antiWindup_2_svg-tex.pdf, id=170, page=5, 864.98157pt x 808.52063pt>
File: ./svg-inkscape/LAB3_forwardandbreak_with_antiWindup_2_svg-tex.pdf Graphic file (type pdf)
<use ./svg-inkscape/LAB3_forwardandbreak_with_antiWindup_2_svg-tex.pdf, page 5>
Package pdftex.def Info: ./svg-inkscape/LAB3_forwardandbreak_with_antiWindup_2_svg-tex.pdf , page5 used on input line 83.
(pdftex.def)             Requested size: 469.40112pt x 438.76596pt.
<./svg-inkscape/LAB3_forwardandbreak_with_antiWindup_2_svg-tex.pdf, id=171, page=6, 864.98157pt x 808.52063pt>
File: ./svg-inkscape/LAB3_forwardandbreak_with_antiWindup_2_svg-tex.pdf Graphic file (type pdf)
<use ./svg-inkscape/LAB3_forwardandbreak_with_antiWindup_2_svg-tex.pdf, page 6>
Package pdftex.def Info: ./svg-inkscape/LAB3_forwardandbreak_with_antiWindup_2_svg-tex.pdf , page6 used on input line 95.
(pdftex.def)             Requested size: 469.40112pt x 438.76596pt.
<./svg-inkscape/LAB3_forwardandbreak_with_antiWindup_2_svg-tex.pdf, id=172, page=7, 864.98157pt x 808.52063pt>
File: ./svg-inkscape/LAB3_forwardandbreak_with_antiWindup_2_svg-tex.pdf Graphic file (type pdf)
<use ./svg-inkscape/LAB3_forwardandbreak_with_antiWindup_2_svg-tex.pdf, page 7>
Package pdftex.def Info: ./svg-inkscape/LAB3_forwardandbreak_with_antiWindup_2_svg-tex.pdf , page7 used on input line 106.
(pdftex.def)             Requested size: 469.40112pt x 438.76596pt.
<./svg-inkscape/LAB3_forwardandbreak_with_antiWindup_2_svg-tex.pdf, id=173, page=8, 864.98157pt x 808.52063pt>
File: ./svg-inkscape/LAB3_forwardandbreak_with_antiWindup_2_svg-tex.pdf Graphic file (type pdf)
<use ./svg-inkscape/LAB3_forwardandbreak_with_antiWindup_2_svg-tex.pdf, page 8>
Package pdftex.def Info: ./svg-inkscape/LAB3_forwardandbreak_with_antiWindup_2_svg-tex.pdf , page8 used on input line 108.
(pdftex.def)             Requested size: 469.40112pt x 438.76596pt.
<./svg-inkscape/LAB3_forwardandbreak_with_antiWindup_2_svg-tex.pdf, id=174, page=9, 864.98157pt x 808.52063pt>
File: ./svg-inkscape/LAB3_forwardandbreak_with_antiWindup_2_svg-tex.pdf Graphic file (type pdf)
<use ./svg-inkscape/LAB3_forwardandbreak_with_antiWindup_2_svg-tex.pdf, page 9>
Package pdftex.def Info: ./svg-inkscape/LAB3_forwardandbreak_with_antiWindup_2_svg-tex.pdf , page9 used on input line 110.
(pdftex.def)             Requested size: 469.40112pt x 438.76596pt.
) [26 <./svg-inkscape/LAB3_forwardandbreak_with_antiWindup_2_svg-tex.pdf> <./svg-inkscape/LAB3_forwardandbreak_with_antiWindup_2_svg-tex.pdf

pdfTeX warning: pdflatex (file ./svg-inkscape/LAB3_forwardandbreak_with_antiWindup_2_svg-tex.pdf): PDF inclusion: multiple pdfs with page group included in a single page
> <./svg-inkscape/LAB3_forwardandbreak_with_antiWindup_2_svg-tex.pdf

pdfTeX warning: pdflatex (file ./svg-inkscape/LAB3_forwardandbreak_with_antiWindup_2_svg-tex.pdf): PDF inclusion: multiple pdfs with page group included in a single page
> <./svg-inkscape/LAB3_forwardandbreak_with_antiWindup_2_svg-tex.pdf

pdfTeX warning: pdflatex (file ./svg-inkscape/LAB3_forwardandbreak_with_antiWindup_2_svg-tex.pdf): PDF inclusion: multiple pdfs with page group included in a single page
> <./svg-inkscape/LAB3_forwardandbreak_with_antiWindup_2_svg-tex.pdf

pdfTeX warning: pdflatex (file ./svg-inkscape/LAB3_forwardandbreak_with_antiWindup_2_svg-tex.pdf): PDF inclusion: multiple pdfs with page group included in a single page
> <./svg-inkscape/LAB3_forwardandbreak_with_antiWindup_2_svg-tex.pdf

pdfTeX warning: pdflatex (file ./svg-inkscape/LAB3_forwardandbreak_with_antiWindup_2_svg-tex.pdf): PDF inclusion: multiple pdfs with page group included in a single page
> <./svg-inkscape/LAB3_forwardandbreak_with_antiWindup_2_svg-tex.pdf

pdfTeX warning: pdflatex (file ./svg-inkscape/LAB3_forwardandbreak_with_antiWindup_2_svg-tex.pdf): PDF inclusion: multiple pdfs with page group included in a single page
> <./svg-inkscape/LAB3_forwardandbreak_with_antiWindup_2_svg-tex.pdf

pdfTeX warning: pdflatex (file ./svg-inkscape/LAB3_forwardandbreak_with_antiWindup_2_svg-tex.pdf): PDF inclusion: multiple pdfs with page group included in a single page
> <./svg-inkscape/LAB3_forwardandbreak_with_antiWindup_2_svg-tex.pdf

pdfTeX warning: pdflatex (file ./svg-inkscape/LAB3_forwardandbreak_with_antiWindup_2_svg-tex.pdf): PDF inclusion: multiple pdfs with page group included in a single page
>]
Package svg Info: Last page of `./svg-inkscape/LAB3_forwardandcoast_with_antiWindup_2_svg-tex.pdf' is 9 on input line 1058.
 (./svg-inkscape/LAB3_forwardandcoast_with_antiWindup_2_svg-tex.pdf_tex
<./svg-inkscape/LAB3_forwardandcoast_with_antiWindup_2_svg-tex.pdf, id=184, page=1, 864.98157pt x 808.52063pt>
File: ./svg-inkscape/LAB3_forwardandcoast_with_antiWindup_2_svg-tex.pdf Graphic file (type pdf)
<use ./svg-inkscape/LAB3_forwardandcoast_with_antiWindup_2_svg-tex.pdf, page 1>
Package pdftex.def Info: ./svg-inkscape/LAB3_forwardandcoast_with_antiWindup_2_svg-tex.pdf , page1 used on input line 56.
(pdftex.def)             Requested size: 469.40112pt x 438.76596pt.
<./svg-inkscape/LAB3_forwardandcoast_with_antiWindup_2_svg-tex.pdf, id=185, page=2, 864.98157pt x 808.52063pt>
File: ./svg-inkscape/LAB3_forwardandcoast_with_antiWindup_2_svg-tex.pdf Graphic file (type pdf)
<use ./svg-inkscape/LAB3_forwardandcoast_with_antiWindup_2_svg-tex.pdf, page 2>
Package pdftex.def Info: ./svg-inkscape/LAB3_forwardandcoast_with_antiWindup_2_svg-tex.pdf , page2 used on input line 64.
(pdftex.def)             Requested size: 469.40112pt x 438.76596pt.
<./svg-inkscape/LAB3_forwardandcoast_with_antiWindup_2_svg-tex.pdf, id=186, page=3, 864.98157pt x 808.52063pt>
File: ./svg-inkscape/LAB3_forwardandcoast_with_antiWindup_2_svg-tex.pdf Graphic file (type pdf)
<use ./svg-inkscape/LAB3_forwardandcoast_with_antiWindup_2_svg-tex.pdf, page 3>
Package pdftex.def Info: ./svg-inkscape/LAB3_forwardandcoast_with_antiWindup_2_svg-tex.pdf , page3 used on input line 75.
(pdftex.def)             Requested size: 469.40112pt x 438.76596pt.
<./svg-inkscape/LAB3_forwardandcoast_with_antiWindup_2_svg-tex.pdf, id=187, page=4, 864.98157pt x 808.52063pt>
File: ./svg-inkscape/LAB3_forwardandcoast_with_antiWindup_2_svg-tex.pdf Graphic file (type pdf)
<use ./svg-inkscape/LAB3_forwardandcoast_with_antiWindup_2_svg-tex.pdf, page 4>
Package pdftex.def Info: ./svg-inkscape/LAB3_forwardandcoast_with_antiWindup_2_svg-tex.pdf , page4 used on input line 77.
(pdftex.def)             Requested size: 469.40112pt x 438.76596pt.
<./svg-inkscape/LAB3_forwardandcoast_with_antiWindup_2_svg-tex.pdf, id=188, page=5, 864.98157pt x 808.52063pt>
File: ./svg-inkscape/LAB3_forwardandcoast_with_antiWindup_2_svg-tex.pdf Graphic file (type pdf)
<use ./svg-inkscape/LAB3_forwardandcoast_with_antiWindup_2_svg-tex.pdf, page 5>
Package pdftex.def Info: ./svg-inkscape/LAB3_forwardandcoast_with_antiWindup_2_svg-tex.pdf , page5 used on input line 79.
(pdftex.def)             Requested size: 469.40112pt x 438.76596pt.
<./svg-inkscape/LAB3_forwardandcoast_with_antiWindup_2_svg-tex.pdf, id=189, page=6, 864.98157pt x 808.52063pt>
File: ./svg-inkscape/LAB3_forwardandcoast_with_antiWindup_2_svg-tex.pdf Graphic file (type pdf)
<use ./svg-inkscape/LAB3_forwardandcoast_with_antiWindup_2_svg-tex.pdf, page 6>
Package pdftex.def Info: ./svg-inkscape/LAB3_forwardandcoast_with_antiWindup_2_svg-tex.pdf , page6 used on input line 87.
(pdftex.def)             Requested size: 469.40112pt x 438.76596pt.
<./svg-inkscape/LAB3_forwardandcoast_with_antiWindup_2_svg-tex.pdf, id=190, page=7, 864.98157pt x 808.52063pt>
File: ./svg-inkscape/LAB3_forwardandcoast_with_antiWindup_2_svg-tex.pdf Graphic file (type pdf)
<use ./svg-inkscape/LAB3_forwardandcoast_with_antiWindup_2_svg-tex.pdf, page 7>
Package pdftex.def Info: ./svg-inkscape/LAB3_forwardandcoast_with_antiWindup_2_svg-tex.pdf , page7 used on input line 98.
(pdftex.def)             Requested size: 469.40112pt x 438.76596pt.
<./svg-inkscape/LAB3_forwardandcoast_with_antiWindup_2_svg-tex.pdf, id=191, page=8, 864.98157pt x 808.52063pt>
File: ./svg-inkscape/LAB3_forwardandcoast_with_antiWindup_2_svg-tex.pdf Graphic file (type pdf)
<use ./svg-inkscape/LAB3_forwardandcoast_with_antiWindup_2_svg-tex.pdf, page 8>
Package pdftex.def Info: ./svg-inkscape/LAB3_forwardandcoast_with_antiWindup_2_svg-tex.pdf , page8 used on input line 100.
(pdftex.def)             Requested size: 469.40112pt x 438.76596pt.
<./svg-inkscape/LAB3_forwardandcoast_with_antiWindup_2_svg-tex.pdf, id=192, page=9, 864.98157pt x 808.52063pt>
File: ./svg-inkscape/LAB3_forwardandcoast_with_antiWindup_2_svg-tex.pdf Graphic file (type pdf)
<use ./svg-inkscape/LAB3_forwardandcoast_with_antiWindup_2_svg-tex.pdf, page 9>
Package pdftex.def Info: ./svg-inkscape/LAB3_forwardandcoast_with_antiWindup_2_svg-tex.pdf , page9 used on input line 102.
(pdftex.def)             Requested size: 469.40112pt x 438.76596pt.
) [27 <./svg-inkscape/LAB3_forwardandcoast_with_antiWindup_2_svg-tex.pdf> <./svg-inkscape/LAB3_forwardandcoast_with_antiWindup_2_svg-tex.pdf

pdfTeX warning: pdflatex (file ./svg-inkscape/LAB3_forwardandcoast_with_antiWindup_2_svg-tex.pdf): PDF inclusion: multiple pdfs with page group included in a single page
> <./svg-inkscape/LAB3_forwardandcoast_with_antiWindup_2_svg-tex.pdf

pdfTeX warning: pdflatex (file ./svg-inkscape/LAB3_forwardandcoast_with_antiWindup_2_svg-tex.pdf): PDF inclusion: multiple pdfs with page group included in a single page
> <./svg-inkscape/LAB3_forwardandcoast_with_antiWindup_2_svg-tex.pdf

pdfTeX warning: pdflatex (file ./svg-inkscape/LAB3_forwardandcoast_with_antiWindup_2_svg-tex.pdf): PDF inclusion: multiple pdfs with page group included in a single page
> <./svg-inkscape/LAB3_forwardandcoast_with_antiWindup_2_svg-tex.pdf

pdfTeX warning: pdflatex (file ./svg-inkscape/LAB3_forwardandcoast_with_antiWindup_2_svg-tex.pdf): PDF inclusion: multiple pdfs with page group included in a single page
> <./svg-inkscape/LAB3_forwardandcoast_with_antiWindup_2_svg-tex.pdf

pdfTeX warning: pdflatex (file ./svg-inkscape/LAB3_forwardandcoast_with_antiWindup_2_svg-tex.pdf): PDF inclusion: multiple pdfs with page group included in a single page
> <./svg-inkscape/LAB3_forwardandcoast_with_antiWindup_2_svg-tex.pdf

pdfTeX warning: pdflatex (file ./svg-inkscape/LAB3_forwardandcoast_with_antiWindup_2_svg-tex.pdf): PDF inclusion: multiple pdfs with page group included in a single page
> <./svg-inkscape/LAB3_forwardandcoast_with_antiWindup_2_svg-tex.pdf

pdfTeX warning: pdflatex (file ./svg-inkscape/LAB3_forwardandcoast_with_antiWindup_2_svg-tex.pdf): PDF inclusion: multiple pdfs with page group included in a single page
> <./svg-inkscape/LAB3_forwardandcoast_with_antiWindup_2_svg-tex.pdf

pdfTeX warning: pdflatex (file ./svg-inkscape/LAB3_forwardandcoast_with_antiWindup_2_svg-tex.pdf): PDF inclusion: multiple pdfs with page group included in a single page
>]
Package svg Info: Last page of `./svg-inkscape/LAB3_forwardandbreak_with_NOantiWindup_svg-tex.pdf' is 9 on input line 1099.
 (./svg-inkscape/LAB3_forwardandbreak_with_NOantiWindup_svg-tex.pdf_tex
<./svg-inkscape/LAB3_forwardandbreak_with_NOantiWindup_svg-tex.pdf, id=202, page=1, 864.98157pt x 808.52063pt>
File: ./svg-inkscape/LAB3_forwardandbreak_with_NOantiWindup_svg-tex.pdf Graphic file (type pdf)
<use ./svg-inkscape/LAB3_forwardandbreak_with_NOantiWindup_svg-tex.pdf, page 1>
Package pdftex.def Info: ./svg-inkscape/LAB3_forwardandbreak_with_NOantiWindup_svg-tex.pdf , page1 used on input line 56.
(pdftex.def)             Requested size: 469.40112pt x 438.76596pt.
<./svg-inkscape/LAB3_forwardandbreak_with_NOantiWindup_svg-tex.pdf, id=203, page=2, 864.98157pt x 808.52063pt>
File: ./svg-inkscape/LAB3_forwardandbreak_with_NOantiWindup_svg-tex.pdf Graphic file (type pdf)
<use ./svg-inkscape/LAB3_forwardandbreak_with_NOantiWindup_svg-tex.pdf, page 2>
Package pdftex.def Info: ./svg-inkscape/LAB3_forwardandbreak_with_NOantiWindup_svg-tex.pdf , page2 used on input line 68.
(pdftex.def)             Requested size: 469.40112pt x 438.76596pt.
<./svg-inkscape/LAB3_forwardandbreak_with_NOantiWindup_svg-tex.pdf, id=204, page=3, 864.98157pt x 808.52063pt>
File: ./svg-inkscape/LAB3_forwardandbreak_with_NOantiWindup_svg-tex.pdf Graphic file (type pdf)
<use ./svg-inkscape/LAB3_forwardandbreak_with_NOantiWindup_svg-tex.pdf, page 3>
Package pdftex.def Info: ./svg-inkscape/LAB3_forwardandbreak_with_NOantiWindup_svg-tex.pdf , page3 used on input line 82.
(pdftex.def)             Requested size: 469.40112pt x 438.76596pt.
<./svg-inkscape/LAB3_forwardandbreak_with_NOantiWindup_svg-tex.pdf, id=205, page=4, 864.98157pt x 808.52063pt>
File: ./svg-inkscape/LAB3_forwardandbreak_with_NOantiWindup_svg-tex.pdf Graphic file (type pdf)
<use ./svg-inkscape/LAB3_forwardandbreak_with_NOantiWindup_svg-tex.pdf, page 4>
Package pdftex.def Info: ./svg-inkscape/LAB3_forwardandbreak_with_NOantiWindup_svg-tex.pdf , page4 used on input line 84.
(pdftex.def)             Requested size: 469.40112pt x 438.76596pt.
<./svg-inkscape/LAB3_forwardandbreak_with_NOantiWindup_svg-tex.pdf, id=206, page=5, 864.98157pt x 808.52063pt>
File: ./svg-inkscape/LAB3_forwardandbreak_with_NOantiWindup_svg-tex.pdf Graphic file (type pdf)
<use ./svg-inkscape/LAB3_forwardandbreak_with_NOantiWindup_svg-tex.pdf, page 5>
Package pdftex.def Info: ./svg-inkscape/LAB3_forwardandbreak_with_NOantiWindup_svg-tex.pdf , page5 used on input line 86.
(pdftex.def)             Requested size: 469.40112pt x 438.76596pt.
<./svg-inkscape/LAB3_forwardandbreak_with_NOantiWindup_svg-tex.pdf, id=207, page=6, 864.98157pt x 808.52063pt>
File: ./svg-inkscape/LAB3_forwardandbreak_with_NOantiWindup_svg-tex.pdf Graphic file (type pdf)
<use ./svg-inkscape/LAB3_forwardandbreak_with_NOantiWindup_svg-tex.pdf, page 6>
Package pdftex.def Info: ./svg-inkscape/LAB3_forwardandbreak_with_NOantiWindup_svg-tex.pdf , page6 used on input line 98.
(pdftex.def)             Requested size: 469.40112pt x 438.76596pt.
<./svg-inkscape/LAB3_forwardandbreak_with_NOantiWindup_svg-tex.pdf, id=208, page=7, 864.98157pt x 808.52063pt>
File: ./svg-inkscape/LAB3_forwardandbreak_with_NOantiWindup_svg-tex.pdf Graphic file (type pdf)
<use ./svg-inkscape/LAB3_forwardandbreak_with_NOantiWindup_svg-tex.pdf, page 7>
Package pdftex.def Info: ./svg-inkscape/LAB3_forwardandbreak_with_NOantiWindup_svg-tex.pdf , page7 used on input line 112.
(pdftex.def)             Requested size: 469.40112pt x 438.76596pt.
<./svg-inkscape/LAB3_forwardandbreak_with_NOantiWindup_svg-tex.pdf, id=209, page=8, 864.98157pt x 808.52063pt>
File: ./svg-inkscape/LAB3_forwardandbreak_with_NOantiWindup_svg-tex.pdf Graphic file (type pdf)
<use ./svg-inkscape/LAB3_forwardandbreak_with_NOantiWindup_svg-tex.pdf, page 8>
Package pdftex.def Info: ./svg-inkscape/LAB3_forwardandbreak_with_NOantiWindup_svg-tex.pdf , page8 used on input line 114.
(pdftex.def)             Requested size: 469.40112pt x 438.76596pt.
<./svg-inkscape/LAB3_forwardandbreak_with_NOantiWindup_svg-tex.pdf, id=210, page=9, 864.98157pt x 808.52063pt>
File: ./svg-inkscape/LAB3_forwardandbreak_with_NOantiWindup_svg-tex.pdf Graphic file (type pdf)
<use ./svg-inkscape/LAB3_forwardandbreak_with_NOantiWindup_svg-tex.pdf, page 9>
Package pdftex.def Info: ./svg-inkscape/LAB3_forwardandbreak_with_NOantiWindup_svg-tex.pdf , page9 used on input line 116.
(pdftex.def)             Requested size: 469.40112pt x 438.76596pt.
) [28 <./svg-inkscape/LAB3_forwardandbreak_with_NOantiWindup_svg-tex.pdf> <./svg-inkscape/LAB3_forwardandbreak_with_NOantiWindup_svg-tex.pdf

pdfTeX warning: pdflatex (file ./svg-inkscape/LAB3_forwardandbreak_with_NOantiWindup_svg-tex.pdf): PDF inclusion: multiple pdfs with page group included in a single page
> <./svg-inkscape/LAB3_forwardandbreak_with_NOantiWindup_svg-tex.pdf

pdfTeX warning: pdflatex (file ./svg-inkscape/LAB3_forwardandbreak_with_NOantiWindup_svg-tex.pdf): PDF inclusion: multiple pdfs with page group included in a single page
> <./svg-inkscape/LAB3_forwardandbreak_with_NOantiWindup_svg-tex.pdf

pdfTeX warning: pdflatex (file ./svg-inkscape/LAB3_forwardandbreak_with_NOantiWindup_svg-tex.pdf): PDF inclusion: multiple pdfs with page group included in a single page
> <./svg-inkscape/LAB3_forwardandbreak_with_NOantiWindup_svg-tex.pdf

pdfTeX warning: pdflatex (file ./svg-inkscape/LAB3_forwardandbreak_with_NOantiWindup_svg-tex.pdf): PDF inclusion: multiple pdfs with page group included in a single page
> <./svg-inkscape/LAB3_forwardandbreak_with_NOantiWindup_svg-tex.pdf

pdfTeX warning: pdflatex (file ./svg-inkscape/LAB3_forwardandbreak_with_NOantiWindup_svg-tex.pdf): PDF inclusion: multiple pdfs with page group included in a single page
> <./svg-inkscape/LAB3_forwardandbreak_with_NOantiWindup_svg-tex.pdf

pdfTeX warning: pdflatex (file ./svg-inkscape/LAB3_forwardandbreak_with_NOantiWindup_svg-tex.pdf): PDF inclusion: multiple pdfs with page group included in a single page
> <./svg-inkscape/LAB3_forwardandbreak_with_NOantiWindup_svg-tex.pdf

pdfTeX warning: pdflatex (file ./svg-inkscape/LAB3_forwardandbreak_with_NOantiWindup_svg-tex.pdf): PDF inclusion: multiple pdfs with page group included in a single page
> <./svg-inkscape/LAB3_forwardandbreak_with_NOantiWindup_svg-tex.pdf

pdfTeX warning: pdflatex (file ./svg-inkscape/LAB3_forwardandbreak_with_NOantiWindup_svg-tex.pdf): PDF inclusion: multiple pdfs with page group included in a single page
>]
Package svg Info: Last page of `./svg-inkscape/LAB3_forwardandcoast_with_NOantiWindup_svg-tex.pdf' is 9 on input line 1106.
 (./svg-inkscape/LAB3_forwardandcoast_with_NOantiWindup_svg-tex.pdf_tex
<./svg-inkscape/LAB3_forwardandcoast_with_NOantiWindup_svg-tex.pdf, id=220, page=1, 864.98157pt x 808.52063pt>
File: ./svg-inkscape/LAB3_forwardandcoast_with_NOantiWindup_svg-tex.pdf Graphic file (type pdf)
<use ./svg-inkscape/LAB3_forwardandcoast_with_NOantiWindup_svg-tex.pdf, page 1>
Package pdftex.def Info: ./svg-inkscape/LAB3_forwardandcoast_with_NOantiWindup_svg-tex.pdf , page1 used on input line 56.
(pdftex.def)             Requested size: 469.40112pt x 438.76596pt.
<./svg-inkscape/LAB3_forwardandcoast_with_NOantiWindup_svg-tex.pdf, id=221, page=2, 864.98157pt x 808.52063pt>
File: ./svg-inkscape/LAB3_forwardandcoast_with_NOantiWindup_svg-tex.pdf Graphic file (type pdf)
<use ./svg-inkscape/LAB3_forwardandcoast_with_NOantiWindup_svg-tex.pdf, page 2>
Package pdftex.def Info: ./svg-inkscape/LAB3_forwardandcoast_with_NOantiWindup_svg-tex.pdf , page2 used on input line 68.
(pdftex.def)             Requested size: 469.40112pt x 438.76596pt.
<./svg-inkscape/LAB3_forwardandcoast_with_NOantiWindup_svg-tex.pdf, id=222, page=3, 864.98157pt x 808.52063pt>
File: ./svg-inkscape/LAB3_forwardandcoast_with_NOantiWindup_svg-tex.pdf Graphic file (type pdf)
<use ./svg-inkscape/LAB3_forwardandcoast_with_NOantiWindup_svg-tex.pdf, page 3>
Package pdftex.def Info: ./svg-inkscape/LAB3_forwardandcoast_with_NOantiWindup_svg-tex.pdf , page3 used on input line 82.
(pdftex.def)             Requested size: 469.40112pt x 438.76596pt.
<./svg-inkscape/LAB3_forwardandcoast_with_NOantiWindup_svg-tex.pdf, id=223, page=4, 864.98157pt x 808.52063pt>
File: ./svg-inkscape/LAB3_forwardandcoast_with_NOantiWindup_svg-tex.pdf Graphic file (type pdf)
<use ./svg-inkscape/LAB3_forwardandcoast_with_NOantiWindup_svg-tex.pdf, page 4>
Package pdftex.def Info: ./svg-inkscape/LAB3_forwardandcoast_with_NOantiWindup_svg-tex.pdf , page4 used on input line 84.
(pdftex.def)             Requested size: 469.40112pt x 438.76596pt.
<./svg-inkscape/LAB3_forwardandcoast_with_NOantiWindup_svg-tex.pdf, id=224, page=5, 864.98157pt x 808.52063pt>
File: ./svg-inkscape/LAB3_forwardandcoast_with_NOantiWindup_svg-tex.pdf Graphic file (type pdf)
<use ./svg-inkscape/LAB3_forwardandcoast_with_NOantiWindup_svg-tex.pdf, page 5>
Package pdftex.def Info: ./svg-inkscape/LAB3_forwardandcoast_with_NOantiWindup_svg-tex.pdf , page5 used on input line 86.
(pdftex.def)             Requested size: 469.40112pt x 438.76596pt.
<./svg-inkscape/LAB3_forwardandcoast_with_NOantiWindup_svg-tex.pdf, id=225, page=6, 864.98157pt x 808.52063pt>
File: ./svg-inkscape/LAB3_forwardandcoast_with_NOantiWindup_svg-tex.pdf Graphic file (type pdf)
<use ./svg-inkscape/LAB3_forwardandcoast_with_NOantiWindup_svg-tex.pdf, page 6>
Package pdftex.def Info: ./svg-inkscape/LAB3_forwardandcoast_with_NOantiWindup_svg-tex.pdf , page6 used on input line 98.
(pdftex.def)             Requested size: 469.40112pt x 438.76596pt.
<./svg-inkscape/LAB3_forwardandcoast_with_NOantiWindup_svg-tex.pdf, id=226, page=7, 864.98157pt x 808.52063pt>
File: ./svg-inkscape/LAB3_forwardandcoast_with_NOantiWindup_svg-tex.pdf Graphic file (type pdf)
<use ./svg-inkscape/LAB3_forwardandcoast_with_NOantiWindup_svg-tex.pdf, page 7>
Package pdftex.def Info: ./svg-inkscape/LAB3_forwardandcoast_with_NOantiWindup_svg-tex.pdf , page7 used on input line 112.
(pdftex.def)             Requested size: 469.40112pt x 438.76596pt.
<./svg-inkscape/LAB3_forwardandcoast_with_NOantiWindup_svg-tex.pdf, id=227, page=8, 864.98157pt x 808.52063pt>
File: ./svg-inkscape/LAB3_forwardandcoast_with_NOantiWindup_svg-tex.pdf Graphic file (type pdf)
<use ./svg-inkscape/LAB3_forwardandcoast_with_NOantiWindup_svg-tex.pdf, page 8>
Package pdftex.def Info: ./svg-inkscape/LAB3_forwardandcoast_with_NOantiWindup_svg-tex.pdf , page8 used on input line 114.
(pdftex.def)             Requested size: 469.40112pt x 438.76596pt.
<./svg-inkscape/LAB3_forwardandcoast_with_NOantiWindup_svg-tex.pdf, id=228, page=9, 864.98157pt x 808.52063pt>
File: ./svg-inkscape/LAB3_forwardandcoast_with_NOantiWindup_svg-tex.pdf Graphic file (type pdf)
<use ./svg-inkscape/LAB3_forwardandcoast_with_NOantiWindup_svg-tex.pdf, page 9>
Package pdftex.def Info: ./svg-inkscape/LAB3_forwardandcoast_with_NOantiWindup_svg-tex.pdf , page9 used on input line 116.
(pdftex.def)             Requested size: 469.40112pt x 438.76596pt.
) [29 <./svg-inkscape/LAB3_forwardandcoast_with_NOantiWindup_svg-tex.pdf> <./svg-inkscape/LAB3_forwardandcoast_with_NOantiWindup_svg-tex.pdf

pdfTeX warning: pdflatex (file ./svg-inkscape/LAB3_forwardandcoast_with_NOantiWindup_svg-tex.pdf): PDF inclusion: multiple pdfs with page group included in a single page
> <./svg-inkscape/LAB3_forwardandcoast_with_NOantiWindup_svg-tex.pdf

pdfTeX warning: pdflatex (file ./svg-inkscape/LAB3_forwardandcoast_with_NOantiWindup_svg-tex.pdf): PDF inclusion: multiple pdfs with page group included in a single page
> <./svg-inkscape/LAB3_forwardandcoast_with_NOantiWindup_svg-tex.pdf

pdfTeX warning: pdflatex (file ./svg-inkscape/LAB3_forwardandcoast_with_NOantiWindup_svg-tex.pdf): PDF inclusion: multiple pdfs with page group included in a single page
> <./svg-inkscape/LAB3_forwardandcoast_with_NOantiWindup_svg-tex.pdf

pdfTeX warning: pdflatex (file ./svg-inkscape/LAB3_forwardandcoast_with_NOantiWindup_svg-tex.pdf): PDF inclusion: multiple pdfs with page group included in a single page
> <./svg-inkscape/LAB3_forwardandcoast_with_NOantiWindup_svg-tex.pdf

pdfTeX warning: pdflatex (file ./svg-inkscape/LAB3_forwardandcoast_with_NOantiWindup_svg-tex.pdf): PDF inclusion: multiple pdfs with page group included in a single page
> <./svg-inkscape/LAB3_forwardandcoast_with_NOantiWindup_svg-tex.pdf

pdfTeX warning: pdflatex (file ./svg-inkscape/LAB3_forwardandcoast_with_NOantiWindup_svg-tex.pdf): PDF inclusion: multiple pdfs with page group included in a single page
> <./svg-inkscape/LAB3_forwardandcoast_with_NOantiWindup_svg-tex.pdf

pdfTeX warning: pdflatex (file ./svg-inkscape/LAB3_forwardandcoast_with_NOantiWindup_svg-tex.pdf): PDF inclusion: multiple pdfs with page group included in a single page
> <./svg-inkscape/LAB3_forwardandcoast_with_NOantiWindup_svg-tex.pdf

pdfTeX warning: pdflatex (file ./svg-inkscape/LAB3_forwardandcoast_with_NOantiWindup_svg-tex.pdf): PDF inclusion: multiple pdfs with page group included in a single page
>]
<figures/line.png, id=237, 691.08188pt x 288.57813pt>
File: figures/line.png Graphic file (type png)
<use figures/line.png>
Package pdftex.def Info: figures/line.png  used on input line 1137.
(pdftex.def)             Requested size: 435.33116pt x 182.81793pt.
<figures/procedure.png, id=238, 252.19218pt x 234.1247pt>
File: figures/procedure.png Graphic file (type png)
<use figures/procedure.png>
Package pdftex.def Info: figures/procedure.png  used on input line 1144.
(pdftex.def)             Requested size: 217.66222pt x 182.82014pt.


LaTeX Warning: `!h' float specifier changed to `!ht'.

[30 <./figures/line.png>] [31 <./figures/procedure.png>] [32]
<figures/tut.png, id=251, 315.42844pt x 305.64188pt>
File: figures/tut.png Graphic file (type png)
<use figures/tut.png>
Package pdftex.def Info: figures/tut.png  used on input line 1225.
(pdftex.def)             Requested size: 266.05063pt x 255.93526pt.
 [33 <./figures/tut.png>]
Package svg Info: Last page of `./svg-inkscape/plotLab4_svg-tex.pdf' is 13 on input line 1268.
 (./svg-inkscape/plotLab4_svg-tex.pdf_tex
<./svg-inkscape/plotLab4_svg-tex.pdf, id=257, page=1, 864.98157pt x 808.52063pt>
File: ./svg-inkscape/plotLab4_svg-tex.pdf Graphic file (type pdf)
<use ./svg-inkscape/plotLab4_svg-tex.pdf, page 1>
Package pdftex.def Info: ./svg-inkscape/plotLab4_svg-tex.pdf , page1 used on input line 56.
(pdftex.def)             Requested size: 435.32422pt x 406.91179pt.
<./svg-inkscape/plotLab4_svg-tex.pdf, id=258, page=2, 864.98157pt x 808.52063pt>
File: ./svg-inkscape/plotLab4_svg-tex.pdf Graphic file (type pdf)
<use ./svg-inkscape/plotLab4_svg-tex.pdf, page 2>
Package pdftex.def Info: ./svg-inkscape/plotLab4_svg-tex.pdf , page2 used on input line 64.
(pdftex.def)             Requested size: 435.32422pt x 406.91179pt.
<./svg-inkscape/plotLab4_svg-tex.pdf, id=259, page=3, 864.98157pt x 808.52063pt>
File: ./svg-inkscape/plotLab4_svg-tex.pdf Graphic file (type pdf)
<use ./svg-inkscape/plotLab4_svg-tex.pdf, page 3>
Package pdftex.def Info: ./svg-inkscape/plotLab4_svg-tex.pdf , page3 used on input line 73.
(pdftex.def)             Requested size: 435.32422pt x 406.91179pt.
<./svg-inkscape/plotLab4_svg-tex.pdf, id=260, page=4, 864.98157pt x 808.52063pt>
File: ./svg-inkscape/plotLab4_svg-tex.pdf Graphic file (type pdf)
<use ./svg-inkscape/plotLab4_svg-tex.pdf, page 4>
Package pdftex.def Info: ./svg-inkscape/plotLab4_svg-tex.pdf , page4 used on input line 75.
(pdftex.def)             Requested size: 435.32422pt x 406.91179pt.
<./svg-inkscape/plotLab4_svg-tex.pdf, id=261, page=5, 864.98157pt x 808.52063pt>
File: ./svg-inkscape/plotLab4_svg-tex.pdf Graphic file (type pdf)
<use ./svg-inkscape/plotLab4_svg-tex.pdf, page 5>
Package pdftex.def Info: ./svg-inkscape/plotLab4_svg-tex.pdf , page5 used on input line 77.
(pdftex.def)             Requested size: 435.32422pt x 406.91179pt.
<./svg-inkscape/plotLab4_svg-tex.pdf, id=262, page=6, 864.98157pt x 808.52063pt>
File: ./svg-inkscape/plotLab4_svg-tex.pdf Graphic file (type pdf)
<use ./svg-inkscape/plotLab4_svg-tex.pdf, page 6>
Package pdftex.def Info: ./svg-inkscape/plotLab4_svg-tex.pdf , page6 used on input line 85.
(pdftex.def)             Requested size: 435.32422pt x 406.91179pt.
<./svg-inkscape/plotLab4_svg-tex.pdf, id=263, page=7, 864.98157pt x 808.52063pt>
File: ./svg-inkscape/plotLab4_svg-tex.pdf Graphic file (type pdf)
<use ./svg-inkscape/plotLab4_svg-tex.pdf, page 7>
Package pdftex.def Info: ./svg-inkscape/plotLab4_svg-tex.pdf , page7 used on input line 94.
(pdftex.def)             Requested size: 435.32422pt x 406.91179pt.
<./svg-inkscape/plotLab4_svg-tex.pdf, id=264, page=8, 864.98157pt x 808.52063pt>
File: ./svg-inkscape/plotLab4_svg-tex.pdf Graphic file (type pdf)
<use ./svg-inkscape/plotLab4_svg-tex.pdf, page 8>
Package pdftex.def Info: ./svg-inkscape/plotLab4_svg-tex.pdf , page8 used on input line 96.
(pdftex.def)             Requested size: 435.32422pt x 406.91179pt.
<./svg-inkscape/plotLab4_svg-tex.pdf, id=265, page=9, 864.98157pt x 808.52063pt>
File: ./svg-inkscape/plotLab4_svg-tex.pdf Graphic file (type pdf)
<use ./svg-inkscape/plotLab4_svg-tex.pdf, page 9>
Package pdftex.def Info: ./svg-inkscape/plotLab4_svg-tex.pdf , page9 used on input line 98.
(pdftex.def)             Requested size: 435.32422pt x 406.91179pt.
<./svg-inkscape/plotLab4_svg-tex.pdf, id=266, page=10, 864.98157pt x 808.52063pt>
File: ./svg-inkscape/plotLab4_svg-tex.pdf Graphic file (type pdf)
<use ./svg-inkscape/plotLab4_svg-tex.pdf, page 10>
Package pdftex.def Info: ./svg-inkscape/plotLab4_svg-tex.pdf , page10 used on input line 106.
(pdftex.def)             Requested size: 435.32422pt x 406.91179pt.
<./svg-inkscape/plotLab4_svg-tex.pdf, id=267, page=11, 864.98157pt x 808.52063pt>
File: ./svg-inkscape/plotLab4_svg-tex.pdf Graphic file (type pdf)
<use ./svg-inkscape/plotLab4_svg-tex.pdf, page 11>
Package pdftex.def Info: ./svg-inkscape/plotLab4_svg-tex.pdf , page11 used on input line 116.
(pdftex.def)             Requested size: 435.32422pt x 406.91179pt.
<./svg-inkscape/plotLab4_svg-tex.pdf, id=268, page=12, 864.98157pt x 808.52063pt>
File: ./svg-inkscape/plotLab4_svg-tex.pdf Graphic file (type pdf)
<use ./svg-inkscape/plotLab4_svg-tex.pdf, page 12>
Package pdftex.def Info: ./svg-inkscape/plotLab4_svg-tex.pdf , page12 used on input line 118.
(pdftex.def)             Requested size: 435.32422pt x 406.91179pt.
<./svg-inkscape/plotLab4_svg-tex.pdf, id=269, page=13, 864.98157pt x 808.52063pt>
File: ./svg-inkscape/plotLab4_svg-tex.pdf Graphic file (type pdf)
<use ./svg-inkscape/plotLab4_svg-tex.pdf, page 13>
Package pdftex.def Info: ./svg-inkscape/plotLab4_svg-tex.pdf , page13 used on input line 120.
(pdftex.def)             Requested size: 435.32422pt x 406.91179pt.
) [34 <./svg-inkscape/plotLab4_svg-tex.pdf> <./svg-inkscape/plotLab4_svg-tex.pdf

pdfTeX warning: pdflatex (file ./svg-inkscape/plotLab4_svg-tex.pdf): PDF inclusion: multiple pdfs with page group included in a single page
> <./svg-inkscape/plotLab4_svg-tex.pdf

pdfTeX warning: pdflatex (file ./svg-inkscape/plotLab4_svg-tex.pdf): PDF inclusion: multiple pdfs with page group included in a single page
> <./svg-inkscape/plotLab4_svg-tex.pdf

pdfTeX warning: pdflatex (file ./svg-inkscape/plotLab4_svg-tex.pdf): PDF inclusion: multiple pdfs with page group included in a single page
> <./svg-inkscape/plotLab4_svg-tex.pdf

pdfTeX warning: pdflatex (file ./svg-inkscape/plotLab4_svg-tex.pdf): PDF inclusion: multiple pdfs with page group included in a single page
> <./svg-inkscape/plotLab4_svg-tex.pdf

pdfTeX warning: pdflatex (file ./svg-inkscape/plotLab4_svg-tex.pdf): PDF inclusion: multiple pdfs with page group included in a single page
> <./svg-inkscape/plotLab4_svg-tex.pdf

pdfTeX warning: pdflatex (file ./svg-inkscape/plotLab4_svg-tex.pdf): PDF inclusion: multiple pdfs with page group included in a single page
> <./svg-inkscape/plotLab4_svg-tex.pdf

pdfTeX warning: pdflatex (file ./svg-inkscape/plotLab4_svg-tex.pdf): PDF inclusion: multiple pdfs with page group included in a single page
> <./svg-inkscape/plotLab4_svg-tex.pdf

pdfTeX warning: pdflatex (file ./svg-inkscape/plotLab4_svg-tex.pdf): PDF inclusion: multiple pdfs with page group included in a single page
> <./svg-inkscape/plotLab4_svg-tex.pdf

pdfTeX warning: pdflatex (file ./svg-inkscape/plotLab4_svg-tex.pdf): PDF inclusion: multiple pdfs with page group included in a single page
> <./svg-inkscape/plotLab4_svg-tex.pdf

pdfTeX warning: pdflatex (file ./svg-inkscape/plotLab4_svg-tex.pdf): PDF inclusion: multiple pdfs with page group included in a single page
> <./svg-inkscape/plotLab4_svg-tex.pdf

pdfTeX warning: pdflatex (file ./svg-inkscape/plotLab4_svg-tex.pdf): PDF inclusion: multiple pdfs with page group included in a single page
> <./svg-inkscape/plotLab4_svg-tex.pdf

pdfTeX warning: pdflatex (file ./svg-inkscape/plotLab4_svg-tex.pdf): PDF inclusion: multiple pdfs with page group included in a single page
>] [35

] (./report_template.aux) ) 
Here is how much of TeX's memory you used:
 16683 strings out of 478287
 337269 string characters out of 5849290
 854282 words of memory out of 5000000
 34604 multiletter control sequences out of 15000+600000
 478528 words of font info for 42 fonts, out of 8000000 for 9000
 1142 hyphenation exceptions out of 8191
 94i,16n,92p,705b,1640s stack positions out of 5000i,500n,10000p,200000b,80000s
{/usr/share/texmf/fonts/enc/dvips/cm-super/cm-super-t1.enc}{/usr/share/texmf/fonts/enc/dvips/cm-super/cm-super-ts1.enc}</usr/share/texlive/texmf-dist/fonts/type1/public/amsfonts/cm/cmex10.pfb></usr/share/texlive/texmf-dist/fonts/type1/public/amsfonts/cm/cmmi10.pfb></usr/share/texlive/texmf-dist/fonts/type1/public/amsfonts/cm/cmmi5.pfb></usr/share/texlive/texmf-dist/fonts/type1/public/amsfonts/cm/cmmi7.pfb></usr/share/texlive/texmf-dist/fonts/type1/public/amsfonts/cm/cmr10.pfb></usr/share/texlive/texmf-dist/fonts/type1/public/amsfonts/cm/cmr5.pfb></usr/share/texlive/texmf-dist/fonts/type1/public/amsfonts/cm/cmr7.pfb></usr/share/texlive/texmf-dist/fonts/type1/public/amsfonts/cm/cmsy10.pfb></usr/share/texlive/texmf-dist/fonts/type1/public/amsfonts/cm/cmsy7.pfb></usr/share/texmf/fonts/type1/public/cm-super/sfbx0700.pfb></usr/share/texmf/fonts/type1/public/cm-super/sfbx1000.pfb></usr/share/texmf/fonts/type1/public/cm-super/sfbx1200.pfb></usr/share/texmf/fonts/type1/public/cm-super/sfbx1440.pfb></usr/share/texmf/fonts/type1/public/cm-super/sfrm0800.pfb></usr/share/texmf/fonts/type1/public/cm-super/sfrm1000.pfb></usr/share/texmf/fonts/type1/public/cm-super/sfrm1440.pfb>
Output written on report_template.pdf (36 pages, 2318921 bytes).
PDF statistics:
 353 PDF objects out of 1000 (max. 8388607)
 168 compressed objects within 2 object streams
 0 named destinations out of 1000 (max. 500000)
 443 words of extra memory for PDF output out of 10000 (max. 10000000)

